{"/home/felipesoares/CRUDbackend/src/model/company.js": {"path":"/home/felipesoares/CRUDbackend/src/model/company.js","statementMap":{"0":{"start":{"line":2,"column":18},"end":{"line":2,"column":37}},"1":{"start":{"line":3,"column":18},"end":{"line":3,"column":33}},"2":{"start":{"line":5,"column":22},"end":{"line":15,"column":2}},"3":{"start":{"line":17,"column":0},"end":{"line":17,"column":57}}},"fnMap":{},"branchMap":{},"s":{"0":1,"1":1,"2":1,"3":1},"f":{},"b":{},"_coverageSchema":"1a1c01bbd47fc00a2c39e90264f33305004495a9","hash":"a805aded4043b37beac5c746a5a6c44ee86f5606"}
,"/home/felipesoares/CRUDbackend/tests/crud.helper.js": {"path":"/home/felipesoares/CRUDbackend/tests/crud.helper.js","statementMap":{"0":{"start":{"line":2,"column":14},"end":{"line":2,"column":36}},"1":{"start":{"line":5,"column":15},"end":{"line":5,"column":33}},"2":{"start":{"line":6,"column":19},"end":{"line":13,"column":4}},"3":{"start":{"line":14,"column":23},"end":{"line":14,"column":44}},"4":{"start":{"line":15,"column":2},"end":{"line":15,"column":44}},"5":{"start":{"line":17,"column":2},"end":{"line":19,"column":3}},"6":{"start":{"line":18,"column":4},"end":{"line":18,"column":45}},"7":{"start":{"line":20,"column":2},"end":{"line":20,"column":35}},"8":{"start":{"line":24,"column":15},"end":{"line":24,"column":33}},"9":{"start":{"line":25,"column":19},"end":{"line":32,"column":4}},"10":{"start":{"line":33,"column":23},"end":{"line":33,"column":44}},"11":{"start":{"line":34,"column":2},"end":{"line":34,"column":44}},"12":{"start":{"line":36,"column":2},"end":{"line":38,"column":3}},"13":{"start":{"line":37,"column":4},"end":{"line":37,"column":53}},"14":{"start":{"line":40,"column":2},"end":{"line":40,"column":35}},"15":{"start":{"line":44,"column":15},"end":{"line":44,"column":21}},"16":{"start":{"line":45,"column":19},"end":{"line":45,"column":88}},"17":{"start":{"line":46,"column":23},"end":{"line":46,"column":44}},"18":{"start":{"line":47,"column":2},"end":{"line":47,"column":44}},"19":{"start":{"line":48,"column":2},"end":{"line":48,"column":55}},"20":{"start":{"line":49,"column":2},"end":{"line":53,"column":3}},"21":{"start":{"line":49,"column":15},"end":{"line":49,"column":16}},"22":{"start":{"line":50,"column":4},"end":{"line":52,"column":5}},"23":{"start":{"line":51,"column":6},"end":{"line":51,"column":61}},"24":{"start":{"line":55,"column":2},"end":{"line":55,"column":35}},"25":{"start":{"line":59,"column":15},"end":{"line":59,"column":33}},"26":{"start":{"line":60,"column":19},"end":{"line":67,"column":4}},"27":{"start":{"line":68,"column":23},"end":{"line":68,"column":44}},"28":{"start":{"line":69,"column":2},"end":{"line":69,"column":44}},"29":{"start":{"line":70,"column":2},"end":{"line":72,"column":3}},"30":{"start":{"line":71,"column":4},"end":{"line":71,"column":45}},"31":{"start":{"line":73,"column":2},"end":{"line":73,"column":35}},"32":{"start":{"line":76,"column":0},"end":{"line":76,"column":46}}},"fnMap":{"0":{"name":"insert","decl":{"start":{"line":4,"column":16},"end":{"line":4,"column":22}},"loc":{"start":{"line":4,"column":37},"end":{"line":21,"column":1}},"line":4},"1":{"name":"update","decl":{"start":{"line":23,"column":15},"end":{"line":23,"column":21}},"loc":{"start":{"line":23,"column":50},"end":{"line":41,"column":1}},"line":23},"2":{"name":"get","decl":{"start":{"line":43,"column":15},"end":{"line":43,"column":18}},"loc":{"start":{"line":43,"column":41},"end":{"line":56,"column":1}},"line":43},"3":{"name":"remove","decl":{"start":{"line":58,"column":15},"end":{"line":58,"column":21}},"loc":{"start":{"line":58,"column":36},"end":{"line":75,"column":1}},"line":58}},"branchMap":{},"s":{"0":1,"1":1,"2":1,"3":1,"4":1,"5":1,"6":1,"7":1,"8":1,"9":1,"10":1,"11":1,"12":1,"13":1,"14":1,"15":1,"16":1,"17":1,"18":1,"19":1,"20":1,"21":1,"22":1,"23":1,"24":1,"25":1,"26":1,"27":1,"28":1,"29":1,"30":1,"31":1,"32":1},"f":{"0":1,"1":1,"2":1,"3":1},"b":{},"_coverageSchema":"1a1c01bbd47fc00a2c39e90264f33305004495a9","hash":"02a63e9a6ebf59b27df8b8caa7633100bc099127"}
}
