TN:
SF:src/model/company.js
FNF:0
FNH:0
DA:2,1
DA:3,1
DA:5,1
DA:17,1
LF:4
LH:4
BRF:0
BRH:0
end_of_record
TN:
SF:tests/crud.helper.js
FN:4,insert
FN:23,update
FN:43,get
FN:58,remove
FNF:4
FNH:4
FNDA:1,insert
FNDA:1,update
FNDA:1,get
FNDA:1,remove
DA:2,1
DA:5,1
DA:6,1
DA:14,1
DA:15,1
DA:17,1
DA:18,1
DA:20,1
DA:24,1
DA:25,1
DA:33,1
DA:34,1
DA:36,1
DA:37,1
DA:40,1
DA:44,1
DA:45,1
DA:46,1
DA:47,1
DA:48,1
DA:49,1
DA:50,1
DA:51,1
DA:55,1
DA:59,1
DA:60,1
DA:68,1
DA:69,1
DA:70,1
DA:71,1
DA:73,1
DA:76,1
LF:32
LH:32
BRF:0
BRH:0
end_of_record
